<?xml version="1.0" encoding="UTF-8"?>
<!-- Generated by org.testng.reporters.JUnitXMLReporter -->
<testsuite ignored="2" hostname="DESKTOP-DJ4FDME" failures="0" tests="2" name="Test" time="15.901" errors="0" timestamp="2024-08-14T07:04:33 IST">
  <testcase classname="org.xyz.automation.test.HandleKeyboardMouse" name="handleAlerts" time="6.041"/>
  <testcase classname="org.xyz.automation.test.HandleKeyboardMouse" name="handleFrames" time="9.792"/>
  <testcase classname="org.xyz.automation.test.HandleKeyboardMouse" name="handleMouse" time="0.0">
    <ignored/>
  </testcase> <!-- handleMouse -->
  <testcase classname="org.xyz.automation.test.HandleKeyboardMouse" name="handleKeyboards" time="0.0">
    <ignored/>
  </testcase> <!-- handleKeyboards -->
</testsuite> <!-- Test -->
